<?xml version="1.0" encoding="UTF-8"?>
<!-- Generated by org.testng.reporters.JUnitXMLReporter -->
<testsuite ignored="0" hostname="DESKTOP-CI731R6" failures="1" tests="3" name="Test" time="54.901" errors="0" timestamp="2023-03-24T13:12:25 IST">
  <testcase classname="testCases.Tc_005_Blog" name="get_BlogTitle" time="8.524"/>
  <testcase classname="testCases.TC_004_Title" name="get_Title" time="4.034"/>
  <testcase classname="testCases.Tc_006_Feature" name="feature" time="9.532">
    <failure type="java.lang.AssertionError" message="expected [OpenCart Features] but found [OpenCart Features
No monthly fees, no catches; just an effective and customizable platform for your new ecommerce store.]">
      <![CDATA[java.lang.AssertionError: expected [OpenCart Features] but found [OpenCart Features
No monthly fees, no catches; just an effective and customizable platform for your new ecommerce store.]
at testCases.Tc_006_Feature.feature(Tc_006_Feature.java:22)
at java.base/java.util.ArrayList.forEach(ArrayList.java:1511)
... Removed 31 stack frames]]>
    </failure>
  </testcase> <!-- feature -->
</testsuite> <!-- Test -->
